<?xml version="1.0" encoding="UTF-8"?>
<!-- Generated by org.testng.reporters.JUnitReportReporter -->
<testsuite hostname="DESKTOP-SH9HN0Q" failures="0" tests="1" name="qataskproject.Maintask.AppTest" time="0.001" errors="0" timestamp="2020-06-17T02:55:33 AMT" skipped="0">
  <testcase classname="qataskproject.Maintask.AppTest" name="testApp" time="0.001"/>
  <system-out/>
</testsuite> <!-- qataskproject.Maintask.AppTest -->
