<?xml version="1.0" encoding="UTF-8"?>
<!-- Generated by org.testng.reporters.JUnitReportReporter -->
<testsuite hostname="DESKTOP-SH9HN0Q" failures="0" tests="1" name="qataskproject.Maintask.TestTest" time="8.658" errors="0" timestamp="2020-06-17T15:38:26 AMT" skipped="0">
  <testcase classname="qataskproject.Maintask.TestTest" name="randomlyClickingOnCanvasAreaCase" time="8.658"/>
  <system-out/>
</testsuite> <!-- qataskproject.Maintask.TestTest -->
