<?xml version="1.0" encoding="UTF-8"?>
<!-- Generated by org.testng.reporters.JUnitReportReporter -->
<testsuite hostname="DESKTOP-SH9HN0Q" failures="0" tests="1" name="qataskproject.Maintask.TestTest" time="0.003" errors="0" timestamp="2020-06-17T03:31:47 AMT" skipped="0">
  <testcase classname="qataskproject.Maintask.TestTest" name="mainTest" time="0.003"/>
  <system-out/>
</testsuite> <!-- qataskproject.Maintask.TestTest -->
